<?xml version="1.0" encoding="UTF-8"?>
<!-- Generated by org.testng.reporters.JUnitReportReporter -->
<testsuite hostname="DESKTOP-BBS7KOQ" failures="0" tests="1" name="testcases.Testcase_01_LoginVerifications" time="12.108" errors="0" timestamp="2025-05-25T18:31:19 BRT" skipped="0">
  <testcase classname="testcases.Testcase_01_LoginVerifications" name="main" time="12.108"/>
</testsuite> <!-- testcases.Testcase_01_LoginVerifications -->
