<?xml version="1.0" encoding="UTF-8"?>
<!-- Generated by org.testng.reporters.JUnitReportReporter -->
<testsuite hostname="DESKTOP-BBS7KOQ" failures="0" tests="1" name="testcases.Testcase_03_CreateValidDocument" time="30.666" errors="0" timestamp="2025-05-26T03:14:57 BRT" skipped="0">
  <testcase classname="testcases.Testcase_03_CreateValidDocument" name="createValidDocAndDelete" time="30.666"/>
</testsuite> <!-- testcases.Testcase_03_CreateValidDocument -->
