<?xml version="1.0" encoding="UTF-8"?>
<!-- Generated by org.testng.reporters.JUnitReportReporter -->
<testsuite hostname="DESKTOP-BBS7KOQ" failures="0" tests="1" name="testcases.Testcase_01_LoginWithWrongCredentials" time="11.991" errors="0" timestamp="2025-05-25T23:58:42 BRT" skipped="0">
  <testcase classname="testcases.Testcase_01_LoginWithWrongCredentials" name="loginWithWrongCredentials" time="11.991"/>
</testsuite> <!-- testcases.Testcase_01_LoginWithWrongCredentials -->
