<?xml version="1.0" encoding="UTF-8"?>
<!-- Generated by org.testng.reporters.JUnitReportReporter -->
<testsuite hostname="DESKTOP-BBS7KOQ" failures="0" tests="1" name="testcases.Testcase_04_CreateInvalidOrExistingInfo" time="61.701" errors="0" timestamp="2025-05-26T20:13:01 BRT" skipped="0">
  <testcase classname="testcases.Testcase_04_CreateInvalidOrExistingInfo" name="createInvalidOrExistingInfo" time="61.701"/>
</testsuite> <!-- testcases.Testcase_04_CreateInvalidOrExistingInfo -->
