<?xml version="1.0" encoding="UTF-8"?>
<!-- Generated by org.testng.reporters.JUnitReportReporter -->
<testsuite hostname="DESKTOP-BBS7KOQ" failures="0" tests="1" name="testcases.Testcase_02_AccountCreationAndDeletion" time="56.410" errors="0" timestamp="2025-05-26T02:33:03 BRT" skipped="0">
  <testcase classname="testcases.Testcase_02_AccountCreationAndDeletion" name="createAnAccountAndDeleteIt" time="56.410"/>
</testsuite> <!-- testcases.Testcase_02_AccountCreationAndDeletion -->
